<?xml version="1.0" encoding="UTF-8"?>
<testsuite xmlns:xsi="http://www.w3.org/2001/XMLSchema-instance" xsi:noNamespaceSchemaLocation="https://maven.apache.org/surefire/maven-surefire-plugin/xsd/surefire-test-report.xsd" name="TestSuite" time="0.868" tests="2" errors="0" skipped="0" failures="0">
  <properties>
    <property name="sun.desktop" value="windows"/>
    <property name="awt.toolkit" value="sun.awt.windows.WToolkit"/>
    <property name="file.encoding.pkg" value="sun.io"/>
    <property name="java.specification.version" value="1.8"/>
    <property name="sun.cpu.isalist" value="amd64"/>
    <property name="sun.jnu.encoding" value="GBK"/>
    <property name="java.class.path" value="D:\IdeaProjects\SeleniumDemo\target\test-classes;D:\IdeaProjects\SeleniumDemo\target\classes;F:\maven\repository\org\seleniumhq\selenium\selenium-java\3.141.59\selenium-java-3.141.59.jar;F:\maven\repository\org\seleniumhq\selenium\selenium-api\3.141.59\selenium-api-3.141.59.jar;F:\maven\repository\org\seleniumhq\selenium\selenium-chrome-driver\3.141.59\selenium-chrome-driver-3.141.59.jar;F:\maven\repository\org\seleniumhq\selenium\selenium-edge-driver\3.141.59\selenium-edge-driver-3.141.59.jar;F:\maven\repository\org\seleniumhq\selenium\selenium-firefox-driver\3.141.59\selenium-firefox-driver-3.141.59.jar;F:\maven\repository\org\seleniumhq\selenium\selenium-ie-driver\3.141.59\selenium-ie-driver-3.141.59.jar;F:\maven\repository\org\seleniumhq\selenium\selenium-opera-driver\3.141.59\selenium-opera-driver-3.141.59.jar;F:\maven\repository\org\seleniumhq\selenium\selenium-remote-driver\3.141.59\selenium-remote-driver-3.141.59.jar;F:\maven\repository\org\seleniumhq\selenium\selenium-safari-driver\3.141.59\selenium-safari-driver-3.141.59.jar;F:\maven\repository\org\seleniumhq\selenium\selenium-support\3.141.59\selenium-support-3.141.59.jar;F:\maven\repository\net\bytebuddy\byte-buddy\1.8.15\byte-buddy-1.8.15.jar;F:\maven\repository\org\apache\commons\commons-exec\1.3\commons-exec-1.3.jar;F:\maven\repository\com\google\guava\guava\25.0-jre\guava-25.0-jre.jar;F:\maven\repository\com\google\code\findbugs\jsr305\1.3.9\jsr305-1.3.9.jar;F:\maven\repository\org\checkerframework\checker-compat-qual\2.0.0\checker-compat-qual-2.0.0.jar;F:\maven\repository\com\google\errorprone\error_prone_annotations\2.1.3\error_prone_annotations-2.1.3.jar;F:\maven\repository\com\google\j2objc\j2objc-annotations\1.1\j2objc-annotations-1.1.jar;F:\maven\repository\org\codehaus\mojo\animal-sniffer-annotations\1.14\animal-sniffer-annotations-1.14.jar;F:\maven\repository\com\squareup\okhttp3\okhttp\3.11.0\okhttp-3.11.0.jar;F:\maven\repository\com\squareup\okio\okio\1.14.0\okio-1.14.0.jar;F:\maven\repository\org\testng\testng\6.9.9\testng-6.9.9.jar;F:\maven\repository\junit\junit\4.10\junit-4.10.jar;F:\maven\repository\org\hamcrest\hamcrest-core\1.1\hamcrest-core-1.1.jar;F:\maven\repository\com\beust\jcommander\1.48\jcommander-1.48.jar;F:\maven\repository\org\apache\ant\ant\1.7.0\ant-1.7.0.jar;F:\maven\repository\org\apache\ant\ant-launcher\1.7.0\ant-launcher-1.7.0.jar;F:\maven\repository\org\yaml\snakeyaml\1.15\snakeyaml-1.15.jar;F:\maven\repository\org\beanshell\bsh\2.0b4\bsh-2.0b4.jar;F:\maven\repository\com\codeborne\phantomjsdriver\1.4.4\phantomjsdriver-1.4.4.jar;"/>
    <property name="java.vm.vendor" value="Oracle Corporation"/>
    <property name="sun.arch.data.model" value="64"/>
    <property name="user.variant" value=""/>
    <property name="java.vendor.url" value="http://java.oracle.com/"/>
    <property name="user.timezone" value="Asia/Shanghai"/>
    <property name="java.vm.specification.version" value="1.8"/>
    <property name="os.name" value="Windows 10"/>
    <property name="user.country" value="CN"/>
    <property name="sun.java.launcher" value="SUN_STANDARD"/>
    <property name="sun.boot.library.path" value="C:\Program Files\Java\jdk1.8.0_181\jre\bin"/>
    <property name="sun.java.command" value="C:\Users\T\AppData\Local\Temp\surefire141086609528380583\surefirebooter6793462116768194337.jar C:\Users\T\AppData\Local\Temp\surefire141086609528380583 2019-05-15T19-08-57_040-jvmRun1 surefire3240702502532970833tmp surefire_09025197643307165834tmp"/>
    <property name="surefire.test.class.path" value="D:\IdeaProjects\SeleniumDemo\target\test-classes;D:\IdeaProjects\SeleniumDemo\target\classes;F:\maven\repository\org\seleniumhq\selenium\selenium-java\3.141.59\selenium-java-3.141.59.jar;F:\maven\repository\org\seleniumhq\selenium\selenium-api\3.141.59\selenium-api-3.141.59.jar;F:\maven\repository\org\seleniumhq\selenium\selenium-chrome-driver\3.141.59\selenium-chrome-driver-3.141.59.jar;F:\maven\repository\org\seleniumhq\selenium\selenium-edge-driver\3.141.59\selenium-edge-driver-3.141.59.jar;F:\maven\repository\org\seleniumhq\selenium\selenium-firefox-driver\3.141.59\selenium-firefox-driver-3.141.59.jar;F:\maven\repository\org\seleniumhq\selenium\selenium-ie-driver\3.141.59\selenium-ie-driver-3.141.59.jar;F:\maven\repository\org\seleniumhq\selenium\selenium-opera-driver\3.141.59\selenium-opera-driver-3.141.59.jar;F:\maven\repository\org\seleniumhq\selenium\selenium-remote-driver\3.141.59\selenium-remote-driver-3.141.59.jar;F:\maven\repository\org\seleniumhq\selenium\selenium-safari-driver\3.141.59\selenium-safari-driver-3.141.59.jar;F:\maven\repository\org\seleniumhq\selenium\selenium-support\3.141.59\selenium-support-3.141.59.jar;F:\maven\repository\net\bytebuddy\byte-buddy\1.8.15\byte-buddy-1.8.15.jar;F:\maven\repository\org\apache\commons\commons-exec\1.3\commons-exec-1.3.jar;F:\maven\repository\com\google\guava\guava\25.0-jre\guava-25.0-jre.jar;F:\maven\repository\com\google\code\findbugs\jsr305\1.3.9\jsr305-1.3.9.jar;F:\maven\repository\org\checkerframework\checker-compat-qual\2.0.0\checker-compat-qual-2.0.0.jar;F:\maven\repository\com\google\errorprone\error_prone_annotations\2.1.3\error_prone_annotations-2.1.3.jar;F:\maven\repository\com\google\j2objc\j2objc-annotations\1.1\j2objc-annotations-1.1.jar;F:\maven\repository\org\codehaus\mojo\animal-sniffer-annotations\1.14\animal-sniffer-annotations-1.14.jar;F:\maven\repository\com\squareup\okhttp3\okhttp\3.11.0\okhttp-3.11.0.jar;F:\maven\repository\com\squareup\okio\okio\1.14.0\okio-1.14.0.jar;F:\maven\repository\org\testng\testng\6.9.9\testng-6.9.9.jar;F:\maven\repository\junit\junit\4.10\junit-4.10.jar;F:\maven\repository\org\hamcrest\hamcrest-core\1.1\hamcrest-core-1.1.jar;F:\maven\repository\com\beust\jcommander\1.48\jcommander-1.48.jar;F:\maven\repository\org\apache\ant\ant\1.7.0\ant-1.7.0.jar;F:\maven\repository\org\apache\ant\ant-launcher\1.7.0\ant-launcher-1.7.0.jar;F:\maven\repository\org\yaml\snakeyaml\1.15\snakeyaml-1.15.jar;F:\maven\repository\org\beanshell\bsh\2.0b4\bsh-2.0b4.jar;F:\maven\repository\com\codeborne\phantomjsdriver\1.4.4\phantomjsdriver-1.4.4.jar;"/>
    <property name="sun.cpu.endian" value="little"/>
    <property name="user.home" value="C:\Users\T"/>
    <property name="user.language" value="zh"/>
    <property name="java.specification.vendor" value="Oracle Corporation"/>
    <property name="java.home" value="C:\Program Files\Java\jdk1.8.0_181\jre"/>
    <property name="basedir" value="D:\IdeaProjects\SeleniumDemo"/>
    <property name="file.separator" value="\"/>
    <property name="line.separator" value="&#10;"/>
    <property name="java.vm.specification.vendor" value="Oracle Corporation"/>
    <property name="java.specification.name" value="Java Platform API Specification"/>
    <property name="java.awt.graphicsenv" value="sun.awt.Win32GraphicsEnvironment"/>
    <property name="surefire.real.class.path" value="C:\Users\T\AppData\Local\Temp\surefire141086609528380583\surefirebooter6793462116768194337.jar"/>
    <property name="sun.boot.class.path" value="C:\Program Files\Java\jdk1.8.0_181\jre\lib\resources.jar;C:\Program Files\Java\jdk1.8.0_181\jre\lib\rt.jar;C:\Program Files\Java\jdk1.8.0_181\jre\lib\sunrsasign.jar;C:\Program Files\Java\jdk1.8.0_181\jre\lib\jsse.jar;C:\Program Files\Java\jdk1.8.0_181\jre\lib\jce.jar;C:\Program Files\Java\jdk1.8.0_181\jre\lib\charsets.jar;C:\Program Files\Java\jdk1.8.0_181\jre\lib\jfr.jar;C:\Program Files\Java\jdk1.8.0_181\jre\classes"/>
    <property name="user.script" value=""/>
    <property name="sun.management.compiler" value="HotSpot 64-Bit Tiered Compilers"/>
    <property name="java.runtime.version" value="1.8.0_181-b13"/>
    <property name="user.name" value="T"/>
    <property name="path.separator" value=";"/>
    <property name="os.version" value="10.0"/>
    <property name="java.endorsed.dirs" value="C:\Program Files\Java\jdk1.8.0_181\jre\lib\endorsed"/>
    <property name="java.runtime.name" value="Java(TM) SE Runtime Environment"/>
    <property name="file.encoding" value="GBK"/>
    <property name="java.vm.name" value="Java HotSpot(TM) 64-Bit Server VM"/>
    <property name="localRepository" value="F:\maven\repository"/>
    <property name="java.vendor.url.bug" value="http://bugreport.sun.com/bugreport/"/>
    <property name="java.io.tmpdir" value="C:\Users\T\AppData\Local\Temp\"/>
    <property name="java.version" value="1.8.0_181"/>
    <property name="user.dir" value="D:\IdeaProjects\SeleniumDemo"/>
    <property name="os.arch" value="amd64"/>
    <property name="java.vm.specification.name" value="Java Virtual Machine Specification"/>
    <property name="java.awt.printerjob" value="sun.awt.windows.WPrinterJob"/>
    <property name="sun.os.patch.level" value=""/>
    <property name="java.library.path" value="C:\Program Files\Java\jdk1.8.0_181\jre\bin;C:\WINDOWS\Sun\Java\bin;C:\WINDOWS\system32;C:\WINDOWS;C:\Program Files\Git\mingw64\bin;C:\Program Files\Git\usr\bin;C:\Users\T\bin;C:\Program Files (x86)\Common Files\Oracle\Java\javapath;E:\app\T\product\11.2.0\dbhome_1\bin;D:\Python27;D:\Python27\Scripts;C:\WINDOWS\system32;C:\WINDOWS;C:\WINDOWS\System32\Wbem;C:\WINDOWS\System32\WindowsPowerShell\v1.0;C:\Program Files\Java\jdk1.8.0_181\bin;C:\Program Files\Java\jdk1.8.0_181\jre&quot;;C:\Program Files\MySQL\MySQL Server 5.5\bin;C:\strawberry\c\bin;C:\strawberry\perl\bin;C:\WINDOWS\System32\WindowsPowerShell\v1.0;C:\WINDOWS\System32\OpenSSH;C:\Program Files\Git\cmd;E:\apache-jmeter-4.0\bin;D:\MySQL\MySQL Server 5.5\bin;C:\Program Files\Java\jdk1.8.0_181\bi;C:\Program Files\Java\jdk1.8.0_181\jre\bin&quot;;F:\maven\apache-maven-3.3.9\bin;F:\apache-ant-1.9.14\bin;C:\Users\T\AppData\Local\Microsoft\WindowsApps;."/>
    <property name="java.vm.info" value="mixed mode"/>
    <property name="java.vendor" value="Oracle Corporation"/>
    <property name="java.vm.version" value="25.181-b13"/>
    <property name="java.ext.dirs" value="C:\Program Files\Java\jdk1.8.0_181\jre\lib\ext;C:\WINDOWS\Sun\Java\lib\ext"/>
    <property name="sun.io.unicode.encoding" value="UnicodeLittle"/>
    <property name="java.class.version" value="52.0"/>
  </properties>
  <testcase name="testCase1" classname="com.meyoung.day01.TestNGDemo1" time="0.001"/>
  <testcase name="testCase2" classname="com.meyoung.day01.TestNGDemo1" time="0.001"/>
</testsuite>