<?xml version="1.0" encoding="UTF-8"?>
<!-- Generated by org.testng.reporters.JUnitReportReporter -->
<testsuite hostname="DESKTOP-49BK4I2" name="com.meyoung.day01.TestNGDemo1" tests="2" failures="0" timestamp="15 May 2019 11:09:04 GMT" time="0.004" errors="0">
  <testcase name="testCase2" time="0.000" classname="com.meyoung.day01.TestNGDemo1"/>
  <testcase name="testCase1" time="0.004" classname="com.meyoung.day01.TestNGDemo1"/>
</testsuite> <!-- com.meyoung.day01.TestNGDemo1 -->
